<?xml version="1.0" encoding="UTF-8"?>
<!-- Generated by org.testng.reporters.JUnitReportReporter -->
<testsuite hostname="DESKTOP-AGDRQC9" failures="0" tests="1" name="ExcelDataSupplier" time="0.983" errors="0" timestamp="2023-10-24T17:22:20 BST" skipped="0">
  <testcase classname="ExcelDataSupplier" name="Excelwork" time="0.983"/>
</testsuite> <!-- ExcelDataSupplier -->
