<?xml version="1.0" encoding="UTF-8"?>
<!-- Generated by org.testng.reporters.JUnitReportReporter -->
<testsuite hostname="DESKTOP-AGDRQC9" failures="0" tests="1" name="testCase.TC_002_Login" time="18.537" errors="0" timestamp="2023-11-04T13:55:40 GMT" skipped="0">
  <testcase classname="testCase.TC_002_Login" name="test_login1" time="18.537"/>
</testsuite> <!-- testCase.TC_002_Login -->
