<?xml version="1.0" encoding="UTF-8"?>
<!-- Generated by org.testng.reporters.JUnitReportReporter -->
<testsuite hostname="DESKTOP-AGDRQC9" failures="0" tests="1" name="testCase.TC_001_AccountRegisterationTest" time="31.036" errors="0" timestamp="2023-11-04T13:57:41 GMT" skipped="0">
  <testcase classname="testCase.TC_001_AccountRegisterationTest" name="test_account_Registration" time="31.036"/>
</testsuite> <!-- testCase.TC_001_AccountRegisterationTest -->
